c:\users\willi\source\repos\opengl_game\opengl\opengl\x64\debug\vc145.pdb
c:\users\willi\source\repos\opengl_game\opengl\opengl\x64\debug\vc145.idb
c:\users\willi\source\repos\opengl_game\opengl\opengl\x64\debug\stb_image.obj
c:\users\willi\source\repos\opengl_game\opengl\opengl\x64\debug\main.obj
c:\users\willi\source\repos\opengl_game\opengl\opengl\x64\debug\window.obj
c:\users\willi\source\repos\opengl_game\opengl\opengl\x64\debug\application.obj
c:\users\willi\source\repos\opengl_game\opengl\opengl\x64\debug\glad.obj
c:\users\willi\source\repos\opengl_game\opengl\opengl\x64\debug\glm.obj
c:\users\willi\source\repos\opengl_game\opengl\opengl\x64\debug\server.obj
c:\users\willi\source\repos\opengl_game\opengl\opengl\x64\debug\client.obj
c:\users\willi\source\repos\opengl_game\opengl\x64\debug\opengl.exe
c:\users\willi\source\repos\opengl_game\opengl\x64\debug\opengl.pdb
c:\users\willi\source\repos\opengl_game\opengl\opengl\x64\debug\opengl.ilk
c:\users\willi\source\repos\opengl_game\opengl\opengl\x64\debug\gl.obj
c:\users\willi\source\repos\opengl_game\opengl\opengl\x64\debug\opengl.tlog\cl.command.1.tlog
c:\users\willi\source\repos\opengl_game\opengl\opengl\x64\debug\opengl.tlog\cl.items.tlog
c:\users\willi\source\repos\opengl_game\opengl\opengl\x64\debug\opengl.tlog\cl.read.1.tlog
c:\users\willi\source\repos\opengl_game\opengl\opengl\x64\debug\opengl.tlog\cl.write.1.tlog
c:\users\willi\source\repos\opengl_game\opengl\opengl\x64\debug\opengl.tlog\link-cvtres.read.1.tlog
c:\users\willi\source\repos\opengl_game\opengl\opengl\x64\debug\opengl.tlog\link-cvtres.write.1.tlog
c:\users\willi\source\repos\opengl_game\opengl\opengl\x64\debug\opengl.tlog\link-rc.read.1.tlog
c:\users\willi\source\repos\opengl_game\opengl\opengl\x64\debug\opengl.tlog\link-rc.write.1.tlog
c:\users\willi\source\repos\opengl_game\opengl\opengl\x64\debug\opengl.tlog\link.16184-cvtres.read.1.tlog
c:\users\willi\source\repos\opengl_game\opengl\opengl\x64\debug\opengl.tlog\link.16184-cvtres.write.1.tlog
c:\users\willi\source\repos\opengl_game\opengl\opengl\x64\debug\opengl.tlog\link.16184-rc.read.1.tlog
c:\users\willi\source\repos\opengl_game\opengl\opengl\x64\debug\opengl.tlog\link.16184-rc.write.1.tlog
c:\users\willi\source\repos\opengl_game\opengl\opengl\x64\debug\opengl.tlog\link.16184.read.1.tlog
c:\users\willi\source\repos\opengl_game\opengl\opengl\x64\debug\opengl.tlog\link.16184.read.2.tlog
c:\users\willi\source\repos\opengl_game\opengl\opengl\x64\debug\opengl.tlog\link.16184.read.3.tlog
c:\users\willi\source\repos\opengl_game\opengl\opengl\x64\debug\opengl.tlog\link.16184.read.4.tlog
c:\users\willi\source\repos\opengl_game\opengl\opengl\x64\debug\opengl.tlog\link.16184.write.1.tlog
c:\users\willi\source\repos\opengl_game\opengl\opengl\x64\debug\opengl.tlog\link.command.1.tlog
c:\users\willi\source\repos\opengl_game\opengl\opengl\x64\debug\opengl.tlog\link.read.1.tlog
c:\users\willi\source\repos\opengl_game\opengl\opengl\x64\debug\opengl.tlog\link.read.2.tlog
c:\users\willi\source\repos\opengl_game\opengl\opengl\x64\debug\opengl.tlog\link.read.3.tlog
c:\users\willi\source\repos\opengl_game\opengl\opengl\x64\debug\opengl.tlog\link.read.4.tlog
c:\users\willi\source\repos\opengl_game\opengl\opengl\x64\debug\opengl.tlog\link.secondary.1.tlog
c:\users\willi\source\repos\opengl_game\opengl\opengl\x64\debug\opengl.tlog\link.write.1.tlog
